INFO: [VRFC 10-163] Analyzing VHDL file "/zhome/d1/3/146501/DSproject/project_F/project_F.srcs/sources_1/new/PortReg8x8.vhd" into library xil_defaultlib
INFO: [VRFC 10-307] analyzing entity PortReg8x8
INFO: [VRFC 10-163] Analyzing VHDL file "/zhome/d1/3/146501/DSproject/project_F/project_F.srcs/sim_1/new/PortReg8x8_tb.vhd" into library xil_defaultlib
INFO: [VRFC 10-307] analyzing entity PortReg8x8_tb
INFO: [VRFC 10-163] Analyzing VHDL file "/zhome/d1/3/146501/DSproject/project_F/project_F.srcs/sim_1/new/PortReg8x8_tb.vhd" into library xil_defaultlib
INFO: [VRFC 10-307] analyzing entity PortReg8x8_tb
INFO: [VRFC 10-163] Analyzing VHDL file "/zhome/d1/3/146501/DSproject/project_F/project_F.srcs/sim_1/new/PortReg8x8_tb.vhd" into library xil_defaultlib
INFO: [VRFC 10-307] analyzing entity PortReg8x8_tb
INFO: [VRFC 10-163] Analyzing VHDL file "/zhome/d1/3/146501/DSproject/project_F/project_F.srcs/sources_1/new/PortReg8x8.vhd" into library xil_defaultlib
INFO: [VRFC 10-307] analyzing entity PortReg8x8
INFO: [VRFC 10-163] Analyzing VHDL file "/zhome/d1/3/146501/DSproject/project_F/project_F.srcs/sim_1/new/PortReg8x8_tb.vhd" into library xil_defaultlib
INFO: [VRFC 10-307] analyzing entity PortReg8x8_tb
INFO: [VRFC 10-163] Analyzing VHDL file "/zhome/d1/3/146501/DSproject/project_F/project_F.srcs/sim_1/new/PortReg8x8_tb.vhd" into library xil_defaultlib
INFO: [VRFC 10-307] analyzing entity PortReg8x8_tb
INFO: [VRFC 10-163] Analyzing VHDL file "/zhome/d1/3/146501/DSproject/project_F/project_F.srcs/sim_1/new/PortReg8x8_tb.vhd" into library xil_defaultlib
INFO: [VRFC 10-307] analyzing entity PortReg8x8_tb
INFO: [VRFC 10-163] Analyzing VHDL file "/zhome/d1/3/146501/DSproject/project_F/project_F.srcs/sources_1/new/PortReg8x8.vhd" into library xil_defaultlib
INFO: [VRFC 10-307] analyzing entity PortReg8x8
INFO: [VRFC 10-163] Analyzing VHDL file "/zhome/d1/3/146501/DSproject/project_F/project_F.srcs/sim_1/new/PortReg8x8_tb.vhd" into library xil_defaultlib
INFO: [VRFC 10-307] analyzing entity PortReg8x8_tb
INFO: [VRFC 10-163] Analyzing VHDL file "/zhome/d1/3/146501/DSproject/project_F/project_F.srcs/sources_1/new/PortReg8x8.vhd" into library xil_defaultlib
INFO: [VRFC 10-307] analyzing entity PortReg8x8
INFO: [VRFC 10-163] Analyzing VHDL file "/zhome/d1/3/146501/DSproject/project_F/project_F.srcs/sim_1/new/PortReg8x8_tb.vhd" into library xil_defaultlib
INFO: [VRFC 10-307] analyzing entity PortReg8x8_tb
INFO: [VRFC 10-163] Analyzing VHDL file "/zhome/d1/3/146501/DSproject/project_F/project_F.srcs/sources_1/new/7segdriver.vhd" into library xil_defaultlib
INFO: [VRFC 10-307] analyzing entity SevenSegDriver
INFO: [VRFC 10-163] Analyzing VHDL file "/zhome/d1/3/146501/DSproject/project_F/project_F.srcs/sim_1/new/7segdriver_tb.vhd" into library xil_defaultlib
INFO: [VRFC 10-307] analyzing entity SevenSegDriver_tb
INFO: [VRFC 10-163] Analyzing VHDL file "/zhome/d1/3/146501/DSproject/project_F/project_F.srcs/sources_1/new/7segdriver.vhd" into library xil_defaultlib
INFO: [VRFC 10-307] analyzing entity SevenSegDriver
INFO: [VRFC 10-163] Analyzing VHDL file "/zhome/d1/3/146501/DSproject/project_F/project_F.srcs/sim_1/new/7segdriver_tb.vhd" into library xil_defaultlib
INFO: [VRFC 10-307] analyzing entity SevenSegDriver_tb
INFO: [VRFC 10-163] Analyzing VHDL file "/zhome/d1/3/146501/DSproject/project_F/project_F.srcs/sources_1/new/7segdriver.vhd" into library xil_defaultlib
INFO: [VRFC 10-307] analyzing entity SevenSegDriver
INFO: [VRFC 10-163] Analyzing VHDL file "/zhome/d1/3/146501/DSproject/project_F/project_F.srcs/sources_1/new/7segdriver.vhd" into library xil_defaultlib
INFO: [VRFC 10-307] analyzing entity SevenSegDriver
INFO: [VRFC 10-163] Analyzing VHDL file "/zhome/d1/3/146501/DSproject/project_F/project_F.srcs/sim_1/new/7segdriver_tb.vhd" into library xil_defaultlib
INFO: [VRFC 10-307] analyzing entity SevenSegDriver_tb
INFO: [VRFC 10-163] Analyzing VHDL file "/zhome/d1/3/146501/DSproject/project_F/project_F.srcs/sim_1/new/7segdriver_tb.vhd" into library xil_defaultlib
INFO: [VRFC 10-307] analyzing entity SevenSegDriver_tb
INFO: [VRFC 10-163] Analyzing VHDL file "/zhome/d1/3/146501/DSproject/project_F/project_F.srcs/sim_1/new/7segdriver_tb.vhd" into library xil_defaultlib
INFO: [VRFC 10-307] analyzing entity SevenSegDriver_tb
INFO: [VRFC 10-163] Analyzing VHDL file "/zhome/d1/3/146501/DSproject/project_F/project_F.srcs/sources_1/new/7segdriver.vhd" into library xil_defaultlib
INFO: [VRFC 10-307] analyzing entity SevenSegDriver
INFO: [VRFC 10-163] Analyzing VHDL file "/zhome/d1/3/146501/DSproject/project_F/project_F.srcs/sim_1/new/7segdriver_tb.vhd" into library xil_defaultlib
INFO: [VRFC 10-307] analyzing entity SevenSegDriver_tb
INFO: [VRFC 10-163] Analyzing VHDL file "/zhome/d1/3/146501/DSproject/project_F/project_F.srcs/sources_1/new/7segdriver.vhd" into library xil_defaultlib
INFO: [VRFC 10-307] analyzing entity SevenSegDriver
INFO: [VRFC 10-163] Analyzing VHDL file "/zhome/d1/3/146501/DSproject/project_F/project_F.srcs/sources_1/new/PortReg8x8.vhd" into library xil_defaultlib
INFO: [VRFC 10-307] analyzing entity PortReg8x8
INFO: [VRFC 10-163] Analyzing VHDL file "/zhome/d1/3/146501/DSproject/project_F/project_F.srcs/sim_1/new/PortReg8x8_tb.vhd" into library xil_defaultlib
INFO: [VRFC 10-307] analyzing entity PortReg8x8_tb
INFO: [VRFC 10-163] Analyzing VHDL file "/zhome/d1/3/146501/DSproject/project_F/project_F.srcs/sim_1/new/PortReg8x8_tb.vhd" into library xil_defaultlib
INFO: [VRFC 10-307] analyzing entity PortReg8x8_tb
INFO: [VRFC 10-163] Analyzing VHDL file "/zhome/d1/3/146501/DSproject/project_F/project_F.srcs/sim_1/new/PortReg8x8_tb.vhd" into library xil_defaultlib
INFO: [VRFC 10-307] analyzing entity PortReg8x8_tb
INFO: [VRFC 10-163] Analyzing VHDL file "/zhome/d1/3/146501/DSproject/project_F/project_F.srcs/sim_1/new/PortReg8x8_tb.vhd" into library xil_defaultlib
INFO: [VRFC 10-307] analyzing entity PortReg8x8_tb
INFO: [VRFC 10-163] Analyzing VHDL file "/zhome/d1/3/146501/DSproject/project_F/project_F.srcs/sim_1/new/PortReg8x8_tb.vhd" into library xil_defaultlib
INFO: [VRFC 10-307] analyzing entity PortReg8x8_tb
INFO: [VRFC 10-163] Analyzing VHDL file "/zhome/d1/3/146501/DSproject/project_F/project_F.srcs/sim_1/new/PortReg8x8_tb.vhd" into library xil_defaultlib
INFO: [VRFC 10-307] analyzing entity PortReg8x8_tb
INFO: [VRFC 10-163] Analyzing VHDL file "/zhome/d1/3/146501/DSproject/project_F/project_F.srcs/sources_1/new/PortReg8x8.vhd" into library xil_defaultlib
INFO: [VRFC 10-307] analyzing entity PortReg8x8
INFO: [VRFC 10-163] Analyzing VHDL file "/zhome/d1/3/146501/DSproject/project_F/project_F.srcs/sources_1/new/PortReg8x8.vhd" into library xil_defaultlib
INFO: [VRFC 10-307] analyzing entity PortReg8x8
INFO: [VRFC 10-163] Analyzing VHDL file "/zhome/d1/3/146501/DSproject/project_F/project_F.srcs/sources_1/new/PortReg8x8.vhd" into library xil_defaultlib
INFO: [VRFC 10-307] analyzing entity PortReg8x8
INFO: [VRFC 10-163] Analyzing VHDL file "/zhome/d1/3/146501/DSproject/project_F/project_F.srcs/sources_1/new/PortReg8x8.vhd" into library xil_defaultlib
INFO: [VRFC 10-307] analyzing entity PortReg8x8
INFO: [VRFC 10-163] Analyzing VHDL file "/zhome/d1/3/146501/DSproject/project_F/project_F.srcs/sources_1/new/PortReg8x8.vhd" into library xil_defaultlib
INFO: [VRFC 10-307] analyzing entity PortReg8x8
INFO: [VRFC 10-163] Analyzing VHDL file "/zhome/d1/3/146501/DSproject/project_F/project_F.srcs/sim_1/new/PortReg8x8_tb.vhd" into library xil_defaultlib
INFO: [VRFC 10-307] analyzing entity PortReg8x8_tb
INFO: [VRFC 10-163] Analyzing VHDL file "/zhome/d1/3/146501/DSproject/project_F/project_F.srcs/sources_1/new/PortReg8x8.vhd" into library xil_defaultlib
INFO: [VRFC 10-307] analyzing entity PortReg8x8
INFO: [VRFC 10-163] Analyzing VHDL file "/zhome/d1/3/146501/DSproject/project_F/project_F.srcs/sim_1/new/PortReg8x8_tb.vhd" into library xil_defaultlib
INFO: [VRFC 10-307] analyzing entity PortReg8x8_tb
INFO: [VRFC 10-163] Analyzing VHDL file "/zhome/d1/3/146501/DSproject/project_F/project_F.srcs/sources_1/new/PortReg8x8.vhd" into library xil_defaultlib
INFO: [VRFC 10-307] analyzing entity PortReg8x8
INFO: [VRFC 10-163] Analyzing VHDL file "/zhome/d1/3/146501/DSproject/project_F/project_F.srcs/sources_1/new/PortReg8x8.vhd" into library xil_defaultlib
INFO: [VRFC 10-307] analyzing entity PortReg8x8
INFO: [VRFC 10-163] Analyzing VHDL file "/zhome/d1/3/146501/DSproject/project_F/project_F.srcs/sim_1/new/PortReg8x8_tb.vhd" into library xil_defaultlib
INFO: [VRFC 10-307] analyzing entity PortReg8x8_tb
INFO: [VRFC 10-163] Analyzing VHDL file "/zhome/d1/3/146501/DSproject/project_F/project_F.srcs/sources_1/new/PortReg8x8.vhd" into library xil_defaultlib
INFO: [VRFC 10-307] analyzing entity PortReg8x8
INFO: [VRFC 10-163] Analyzing VHDL file "/zhome/d1/3/146501/DSproject/project_F/project_F.srcs/sim_1/new/PortReg8x8_tb.vhd" into library xil_defaultlib
INFO: [VRFC 10-307] analyzing entity PortReg8x8_tb
INFO: [VRFC 10-163] Analyzing VHDL file "/zhome/d1/3/146501/DSproject/project_F/project_F.srcs/sim_1/new/PortReg8x8_tb.vhd" into library xil_defaultlib
INFO: [VRFC 10-307] analyzing entity PortReg8x8_tb
INFO: [VRFC 10-163] Analyzing VHDL file "/zhome/d1/3/146501/DSproject/project_F/project_F.srcs/sources_1/new/PortReg8x8.vhd" into library xil_defaultlib
INFO: [VRFC 10-307] analyzing entity PortReg8x8
INFO: [VRFC 10-163] Analyzing VHDL file "/zhome/d1/3/146501/DSproject/project_F/project_F.srcs/sim_1/new/PortReg8x8_tb.vhd" into library xil_defaultlib
INFO: [VRFC 10-307] analyzing entity PortReg8x8_tb
INFO: [VRFC 10-163] Analyzing VHDL file "/zhome/d1/3/146501/DSproject/project_F/project_F.srcs/sources_1/new/PortReg8x8.vhd" into library xil_defaultlib
INFO: [VRFC 10-307] analyzing entity PortReg8x8
INFO: [VRFC 10-163] Analyzing VHDL file "/zhome/d1/3/146501/DSproject/project_F/project_F.srcs/sim_1/new/PortReg8x8_tb.vhd" into library xil_defaultlib
INFO: [VRFC 10-307] analyzing entity PortReg8x8_tb
INFO: [VRFC 10-163] Analyzing VHDL file "/zhome/d1/3/146501/DSproject/project_F/project_F.srcs/sources_1/new/PortReg8x8.vhd" into library xil_defaultlib
INFO: [VRFC 10-307] analyzing entity PortReg8x8
INFO: [VRFC 10-163] Analyzing VHDL file "/zhome/d1/3/146501/DSproject/project_F/project_F.srcs/sim_1/new/PortReg8x8_tb.vhd" into library xil_defaultlib
INFO: [VRFC 10-307] analyzing entity PortReg8x8_tb
INFO: [VRFC 10-163] Analyzing VHDL file "/zhome/d1/3/146501/DSproject/project_F/project_F.srcs/sources_1/new/ALU.vhd" into library xil_defaultlib
INFO: [VRFC 10-307] analyzing entity ALU
INFO: [VRFC 10-163] Analyzing VHDL file "/zhome/d1/3/146501/DSproject/project_F/project_F.srcs/sources_1/new/SR_Latch_AsyR.vhd" into library xil_defaultlib
INFO: [VRFC 10-307] analyzing entity SR_Latch_AsyR
INFO: [VRFC 10-163] Analyzing VHDL file "/zhome/d1/3/146501/DSproject/project_F/project_F.srcs/sources_1/new/SR_Latch_AsyR_En.vhd" into library xil_defaultlib
INFO: [VRFC 10-307] analyzing entity SR_latch_asyR_En
INFO: [VRFC 10-163] Analyzing VHDL file "/zhome/d1/3/146501/DSproject/project_F/project_F.srcs/sources_1/new/D_Latch_AsyR.vhd" into library xil_defaultlib
INFO: [VRFC 10-307] analyzing entity D_latch_AsyR
INFO: [VRFC 10-163] Analyzing VHDL file "/zhome/d1/3/146501/DSproject/project_F/project_F.srcs/sources_1/new/D_FF_AsyR.vhd" into library xil_defaultlib
INFO: [VRFC 10-307] analyzing entity D_FF_AsyR
INFO: [VRFC 10-163] Analyzing VHDL file "/zhome/d1/3/146501/DSproject/project_F/project_F.srcs/sources_1/new/D_FF_AsyR_En.vhd" into library xil_defaultlib
INFO: [VRFC 10-307] analyzing entity D_FF_AsyR_En
INFO: [VRFC 10-163] Analyzing VHDL file "/zhome/d1/3/146501/DSproject/project_F/project_F.srcs/sources_1/new/Datapath.vhd" into library xil_defaultlib
INFO: [VRFC 10-307] analyzing entity DataPath
INFO: [VRFC 10-163] Analyzing VHDL file "/zhome/d1/3/146501/DSproject/project_F/project_F.srcs/sources_1/new/Debounce.vhd" into library xil_defaultlib
INFO: [VRFC 10-307] analyzing entity Debounce
INFO: [VRFC 10-163] Analyzing VHDL file "/zhome/d1/3/146501/DSproject/project_F/project_F.srcs/sources_1/new/DestinationDecoder.vhd" into library xil_defaultlib
INFO: [VRFC 10-307] analyzing entity DestinationDecoder
INFO: [VRFC 10-163] Analyzing VHDL file "/zhome/d1/3/146501/DSproject/project_F/project_F.srcs/sources_1/new/DivClk.vhd" into library xil_defaultlib
INFO: [VRFC 10-307] analyzing entity DivClk
INFO: [VRFC 10-163] Analyzing VHDL file "/zhome/d1/3/146501/DSproject/project_F/project_F.srcs/sources_1/new/FDEC.vhd" into library xil_defaultlib
INFO: [VRFC 10-307] analyzing entity FDEC
INFO: [VRFC 10-163] Analyzing VHDL file "/zhome/d1/3/146501/DSproject/project_F/project_F.srcs/sources_1/new/FULL_ADDER_8BIT.vhd" into library xil_defaultlib
INFO: [VRFC 10-307] analyzing entity FULL_ADDER_8bit
INFO: [VRFC 10-163] Analyzing VHDL file "/zhome/d1/3/146501/DSproject/project_F/project_F.srcs/sources_1/new/FunctionUnit.vhd" into library xil_defaultlib
INFO: [VRFC 10-307] analyzing entity FunctionUnit
INFO: [VRFC 10-163] Analyzing VHDL file "/zhome/d1/3/146501/DSproject/project_F/project_F.srcs/sources_1/new/InstructionDecoder.vhd" into library xil_defaultlib
INFO: [VRFC 10-307] analyzing entity InstructionDecoder
INFO: [VRFC 10-163] Analyzing VHDL file "/zhome/d1/3/146501/DSproject/project_F/project_F.srcs/sources_1/new/InstructionRegister.vhd" into library xil_defaultlib
INFO: [VRFC 10-307] analyzing entity InstructionRegister
INFO: [VRFC 10-163] Analyzing VHDL file "/zhome/d1/3/146501/DSproject/project_F/project_F.srcs/sources_1/new/Logic_Circ.vhd" into library xil_defaultlib
INFO: [VRFC 10-307] analyzing entity Logic_Circ
INFO: [VRFC 10-163] Analyzing VHDL file "/zhome/d1/3/146501/DSproject/project_F/project_F.srcs/sources_1/new/decoder4x16.vhd" into library xil_defaultlib
INFO: [VRFC 10-307] analyzing entity decoder4x16
INFO: [VRFC 10-163] Analyzing VHDL file "/zhome/d1/3/146501/DSproject/project_F/project_F.srcs/sources_1/new/en_32_to_1.vhd" into library xil_defaultlib
INFO: [VRFC 10-307] analyzing entity En_32_to_1
INFO: [VRFC 10-163] Analyzing VHDL file "/zhome/d1/3/146501/DSproject/project_F/project_F.srcs/sources_1/new/MUX16x8.vhd" into library xil_defaultlib
INFO: [VRFC 10-307] analyzing entity MUX16x8
INFO: [VRFC 10-163] Analyzing VHDL file "/zhome/d1/3/146501/DSproject/project_F/project_F.srcs/sources_1/new/MUX2x1.vhd" into library xil_defaultlib
INFO: [VRFC 10-307] analyzing entity MUX2x1
INFO: [VRFC 10-163] Analyzing VHDL file "/zhome/d1/3/146501/DSproject/project_F/project_F.srcs/sources_1/new/MUX3x1.vhd" into library xil_defaultlib
INFO: [VRFC 10-307] analyzing entity MUX3x1
INFO: [VRFC 10-163] Analyzing VHDL file "/zhome/d1/3/146501/DSproject/project_F/project_F.srcs/sources_1/new/MUX8x2x1.vhd" into library xil_defaultlib
INFO: [VRFC 10-307] analyzing entity MUX8x2x1
INFO: [VRFC 10-163] Analyzing VHDL file "/zhome/d1/3/146501/DSproject/project_F/project_F.srcs/sources_1/new/MUXD.vhd" into library xil_defaultlib
INFO: [VRFC 10-307] analyzing entity MUXD
INFO: [VRFC 10-163] Analyzing VHDL file "/zhome/d1/3/146501/DSproject/project_F/project_F.srcs/sources_1/new/MUXF.vhd" into library xil_defaultlib
INFO: [VRFC 10-307] analyzing entity MUXF
INFO: [VRFC 10-163] Analyzing VHDL file "/zhome/d1/3/146501/DSproject/project_F/project_F.srcs/sources_1/new/MUXM.vhd" into library xil_defaultlib
INFO: [VRFC 10-307] analyzing entity MUXM
INFO: [VRFC 10-163] Analyzing VHDL file "/zhome/d1/3/146501/DSproject/project_F/project_F.srcs/sources_1/new/MUXMR.vhd" into library xil_defaultlib
INFO: [VRFC 10-307] analyzing entity MUXMR
INFO: [VRFC 10-163] Analyzing VHDL file "/zhome/d1/3/146501/DSproject/project_F/project_F.srcs/sources_1/new/MUX_2_1.vhd" into library xil_defaultlib
INFO: [VRFC 10-307] analyzing entity MUX_2_1
INFO: [VRFC 10-163] Analyzing VHDL file "/zhome/d1/3/146501/DSproject/project_F/project_F.srcs/sources_1/new/MicroController.vhd" into library xil_defaultlib
INFO: [VRFC 10-307] analyzing entity MicroController
INFO: [VRFC 10-163] Analyzing VHDL file "/zhome/d1/3/146501/DSproject/project_F/project_F.srcs/sources_1/new/NegZero.vhd" into library xil_defaultlib
INFO: [VRFC 10-307] analyzing entity NegZero
INFO: [VRFC 10-163] Analyzing VHDL file "/zhome/d1/3/146501/DSproject/project_F/project_F.srcs/sources_1/new/PortReg8x8.vhd" into library xil_defaultlib
INFO: [VRFC 10-307] analyzing entity PortReg8x8
INFO: [VRFC 10-163] Analyzing VHDL file "/zhome/d1/3/146501/DSproject/project_F/project_F.srcs/sources_1/new/ProgramCounter.vhd" into library xil_defaultlib
INFO: [VRFC 10-307] analyzing entity ProgramCounter
INFO: [VRFC 10-163] Analyzing VHDL file "/zhome/d1/3/146501/DSproject/project_F/project_F.srcs/sources_1/new/RAM256x16.vhd" into library xil_defaultlib
INFO: [VRFC 10-307] analyzing entity Ram256X16
INFO: [VRFC 10-163] Analyzing VHDL file "/zhome/d1/3/146501/DSproject/project_F/project_F.srcs/sources_1/new/Register16.vhd" into library xil_defaultlib
INFO: [VRFC 10-307] analyzing entity Register16
INFO: [VRFC 10-163] Analyzing VHDL file "/zhome/d1/3/146501/DSproject/project_F/project_F.srcs/sources_1/new/RegisterFile.vhd" into library xil_defaultlib
INFO: [VRFC 10-307] analyzing entity RegisterFile
INFO: [VRFC 10-163] Analyzing VHDL file "/zhome/d1/3/146501/DSproject/project_F/project_F.srcs/sources_1/new/Shifter.vhd" into library xil_defaultlib
INFO: [VRFC 10-307] analyzing entity Shifter
INFO: [VRFC 10-163] Analyzing VHDL file "/zhome/d1/3/146501/DSproject/project_F/project_F.srcs/sources_1/new/SignExtender.vhd" into library xil_defaultlib
INFO: [VRFC 10-307] analyzing entity SignExtender
INFO: [VRFC 10-163] Analyzing VHDL file "/zhome/d1/3/146501/DSproject/project_F/project_F.srcs/sources_1/new/TopModule.vhd" into library xil_defaultlib
INFO: [VRFC 10-307] analyzing entity TopModule
INFO: [VRFC 10-163] Analyzing VHDL file "/zhome/d1/3/146501/DSproject/project_F/project_F.srcs/sources_1/new/ZeroFiller.vhd" into library xil_defaultlib
INFO: [VRFC 10-307] analyzing entity ZeroFiller
INFO: [VRFC 10-163] Analyzing VHDL file "/zhome/d1/3/146501/DSproject/project_F/project_F.srcs/sources_1/new/ZeroFiller2.vhd" into library xil_defaultlib
INFO: [VRFC 10-307] analyzing entity ZeroFiller2
INFO: [VRFC 10-163] Analyzing VHDL file "/zhome/d1/3/146501/DSproject/project_F/project_F.srcs/sim_1/new/TopModule_tb.vhd" into library xil_defaultlib
INFO: [VRFC 10-307] analyzing entity TopModule_tb
INFO: [VRFC 10-163] Analyzing VHDL file "/zhome/d1/3/146501/DSproject/project_F/project_F.srcs/sources_1/new/PortReg8x8.vhd" into library xil_defaultlib
INFO: [VRFC 10-307] analyzing entity PortReg8x8
INFO: [VRFC 10-163] Analyzing VHDL file "/zhome/d1/3/146501/DSproject/project_F/project_F.srcs/sources_1/new/TopModule.vhd" into library xil_defaultlib
INFO: [VRFC 10-307] analyzing entity TopModule
INFO: [VRFC 10-163] Analyzing VHDL file "/zhome/d1/3/146501/DSproject/project_F/project_F.srcs/sources_1/new/TopModule.vhd" into library xil_defaultlib
INFO: [VRFC 10-307] analyzing entity TopModule
INFO: [VRFC 10-163] Analyzing VHDL file "/zhome/d1/3/146501/DSproject/project_F/project_F.srcs/sim_1/new/TopModule_tb.vhd" into library xil_defaultlib
INFO: [VRFC 10-307] analyzing entity TopModule_tb
INFO: [VRFC 10-163] Analyzing VHDL file "/zhome/d1/3/146501/DSproject/project_F/project_F.srcs/sources_1/new/TopModule.vhd" into library xil_defaultlib
INFO: [VRFC 10-307] analyzing entity TopModule
INFO: [VRFC 10-163] Analyzing VHDL file "/zhome/d1/3/146501/DSproject/project_F/project_F.srcs/sim_1/new/TopModule_tb.vhd" into library xil_defaultlib
INFO: [VRFC 10-307] analyzing entity TopModule_tb
INFO: [VRFC 10-163] Analyzing VHDL file "/zhome/d1/3/146501/DSproject/project_F/project_F.srcs/sim_1/new/TopModule_tb.vhd" into library xil_defaultlib
INFO: [VRFC 10-307] analyzing entity TopModule_tb
INFO: [VRFC 10-163] Analyzing VHDL file "/zhome/d1/3/146501/DSproject/project_F/project_F.srcs/sim_1/new/TopModule_tb.vhd" into library xil_defaultlib
INFO: [VRFC 10-307] analyzing entity TopModule_tb
INFO: [VRFC 10-163] Analyzing VHDL file "/zhome/d1/3/146501/DSproject/project_F/project_F.srcs/sources_1/new/MicroController.vhd" into library xil_defaultlib
INFO: [VRFC 10-307] analyzing entity MicroController
INFO: [VRFC 10-163] Analyzing VHDL file "/zhome/d1/3/146501/DSproject/project_F/project_F.srcs/sources_1/new/TopModule.vhd" into library xil_defaultlib
INFO: [VRFC 10-307] analyzing entity TopModule
INFO: [VRFC 10-163] Analyzing VHDL file "/zhome/d1/3/146501/DSproject/project_F/project_F.srcs/sources_1/new/InstructionRegister.vhd" into library xil_defaultlib
INFO: [VRFC 10-307] analyzing entity InstructionRegister
INFO: [VRFC 10-163] Analyzing VHDL file "/zhome/d1/3/146501/DSproject/project_F/project_F.srcs/sources_1/new/TopModule.vhd" into library xil_defaultlib
INFO: [VRFC 10-307] analyzing entity TopModule
INFO: [VRFC 10-163] Analyzing VHDL file "/zhome/d1/3/146501/DSproject/project_F/project_F.srcs/sources_1/new/TopModule.vhd" into library xil_defaultlib
INFO: [VRFC 10-307] analyzing entity TopModule
INFO: [VRFC 10-163] Analyzing VHDL file "/zhome/d1/3/146501/DSproject/project_F/project_F.srcs/sim_1/new/TopModule_tb.vhd" into library xil_defaultlib
INFO: [VRFC 10-307] analyzing entity TopModule_tb
INFO: [VRFC 10-163] Analyzing VHDL file "/zhome/d1/3/146501/DSproject/project_F/project_F.srcs/sources_1/new/Datapath.vhd" into library xil_defaultlib
INFO: [VRFC 10-307] analyzing entity DataPath
INFO: [VRFC 10-163] Analyzing VHDL file "/zhome/d1/3/146501/DSproject/project_F/project_F.srcs/sim_1/new/TopModule_tb.vhd" into library xil_defaultlib
INFO: [VRFC 10-307] analyzing entity TopModule_tb
INFO: [VRFC 10-163] Analyzing VHDL file "/zhome/d1/3/146501/DSproject/project_F/project_F.srcs/sim_1/new/TopModule_tb.vhd" into library xil_defaultlib
INFO: [VRFC 10-307] analyzing entity TopModule_tb
INFO: [VRFC 10-163] Analyzing VHDL file "/zhome/d1/3/146501/DSproject/project_F/project_F.srcs/sources_1/new/Datapath.vhd" into library xil_defaultlib
INFO: [VRFC 10-307] analyzing entity DataPath
INFO: [VRFC 10-163] Analyzing VHDL file "/zhome/d1/3/146501/DSproject/project_F/project_F.srcs/sources_1/new/Datapath.vhd" into library xil_defaultlib
INFO: [VRFC 10-307] analyzing entity DataPath
INFO: [VRFC 10-163] Analyzing VHDL file "/zhome/d1/3/146501/DSproject/project_F/project_F.srcs/sim_1/new/TopModule_tb.vhd" into library xil_defaultlib
INFO: [VRFC 10-307] analyzing entity TopModule_tb
INFO: [VRFC 10-163] Analyzing VHDL file "/zhome/d1/3/146501/DSproject/project_F/project_F.srcs/sources_1/new/TopModule.vhd" into library xil_defaultlib
INFO: [VRFC 10-307] analyzing entity TopModule
INFO: [VRFC 10-163] Analyzing VHDL file "/zhome/d1/3/146501/DSproject/project_F/project_F.srcs/sim_1/new/TopModule_tb.vhd" into library xil_defaultlib
INFO: [VRFC 10-307] analyzing entity TopModule_tb
INFO: [VRFC 10-163] Analyzing VHDL file "/zhome/d1/3/146501/DSproject/project_F/project_F.srcs/sim_1/new/TopModule_tb.vhd" into library xil_defaultlib
INFO: [VRFC 10-307] analyzing entity TopModule_tb
INFO: [VRFC 10-163] Analyzing VHDL file "/zhome/d1/3/146501/DSproject/project_F/project_F.srcs/sim_1/new/TopModule_tb.vhd" into library xil_defaultlib
INFO: [VRFC 10-307] analyzing entity TopModule_tb
INFO: [VRFC 10-163] Analyzing VHDL file "/zhome/d1/3/146501/DSproject/project_F/project_F.srcs/sim_1/new/TopModule_tb.vhd" into library xil_defaultlib
INFO: [VRFC 10-307] analyzing entity TopModule_tb
INFO: [VRFC 10-163] Analyzing VHDL file "/zhome/d1/3/146501/DSproject/project_F/project_F.srcs/sim_1/new/TopModule_tb.vhd" into library xil_defaultlib
INFO: [VRFC 10-307] analyzing entity TopModule_tb
INFO: [VRFC 10-163] Analyzing VHDL file "/zhome/d1/3/146501/DSproject/project_F/project_F.srcs/sim_1/new/TopModule_tb.vhd" into library xil_defaultlib
INFO: [VRFC 10-307] analyzing entity TopModule_tb
INFO: [VRFC 10-163] Analyzing VHDL file "/zhome/d1/3/146501/DSproject/project_F/project_F.srcs/sim_1/new/TopModule_tb.vhd" into library xil_defaultlib
INFO: [VRFC 10-307] analyzing entity TopModule_tb
INFO: [VRFC 10-163] Analyzing VHDL file "/zhome/d1/3/146501/DSproject/project_F/project_F.srcs/sources_1/new/TopModule.vhd" into library xil_defaultlib
INFO: [VRFC 10-307] analyzing entity TopModule
INFO: [VRFC 10-163] Analyzing VHDL file "/zhome/d1/3/146501/DSproject/project_F/project_F.srcs/sim_1/new/TopModule_tb.vhd" into library xil_defaultlib
INFO: [VRFC 10-307] analyzing entity TopModule_tb
INFO: [VRFC 10-163] Analyzing VHDL file "/zhome/d1/3/146501/DSproject/project_F/project_F.srcs/sim_1/new/TopModule_tb.vhd" into library xil_defaultlib
INFO: [VRFC 10-307] analyzing entity TopModule_tb
INFO: [VRFC 10-163] Analyzing VHDL file "/zhome/d1/3/146501/DSproject/project_F/project_F.srcs/sources_1/new/TopModule.vhd" into library xil_defaultlib
INFO: [VRFC 10-307] analyzing entity TopModule
INFO: [VRFC 10-163] Analyzing VHDL file "/zhome/d1/3/146501/DSproject/project_F/project_F.srcs/sources_1/new/TopModule.vhd" into library xil_defaultlib
INFO: [VRFC 10-307] analyzing entity TopModule
INFO: [VRFC 10-163] Analyzing VHDL file "/zhome/d1/3/146501/DSproject/project_F/project_F.srcs/sources_1/new/TopModule.vhd" into library xil_defaultlib
INFO: [VRFC 10-307] analyzing entity TopModule
INFO: [VRFC 10-163] Analyzing VHDL file "/zhome/d1/3/146501/DSproject/project_F/project_F.srcs/sources_1/new/DivClk.vhd" into library xil_defaultlib
INFO: [VRFC 10-307] analyzing entity DivClk
INFO: [VRFC 10-163] Analyzing VHDL file "/zhome/d1/3/146501/DSproject/project_F/project_F.srcs/sources_1/new/InstructionDecoder.vhd" into library xil_defaultlib
INFO: [VRFC 10-307] analyzing entity InstructionDecoder
INFO: [VRFC 10-163] Analyzing VHDL file "/zhome/d1/3/146501/DSproject/project_F/project_F.srcs/sources_1/new/TopModule.vhd" into library xil_defaultlib
INFO: [VRFC 10-307] analyzing entity TopModule
INFO: [VRFC 10-163] Analyzing VHDL file "/zhome/d1/3/146501/DSproject/project_F/project_F.srcs/sources_1/new/TopModule.vhd" into library xil_defaultlib
INFO: [VRFC 10-307] analyzing entity TopModule
INFO: [VRFC 10-163] Analyzing VHDL file "/zhome/d1/3/146501/DSproject/project_F/project_F.srcs/sources_1/new/TopModule.vhd" into library xil_defaultlib
INFO: [VRFC 10-307] analyzing entity TopModule
INFO: [VRFC 10-163] Analyzing VHDL file "/zhome/d1/3/146501/DSproject/project_F/project_F.srcs/sources_1/new/TopModule.vhd" into library xil_defaultlib
INFO: [VRFC 10-307] analyzing entity TopModule
INFO: [VRFC 10-163] Analyzing VHDL file "/zhome/d1/3/146501/DSproject/project_F/project_F.srcs/sim_1/new/TopModule_tb.vhd" into library xil_defaultlib
INFO: [VRFC 10-307] analyzing entity TopModule_tb
INFO: [VRFC 10-163] Analyzing VHDL file "/zhome/d1/3/146501/DSproject/project_F/project_F.srcs/sim_1/new/TopModule_tb.vhd" into library xil_defaultlib
INFO: [VRFC 10-307] analyzing entity TopModule_tb
INFO: [VRFC 10-163] Analyzing VHDL file "/zhome/d1/3/146501/DSproject/project_F/project_F.srcs/sources_1/new/DivClk.vhd" into library xil_defaultlib
INFO: [VRFC 10-307] analyzing entity DivClk
INFO: [VRFC 10-163] Analyzing VHDL file "/zhome/d1/3/146501/DSproject/project_F/project_F.srcs/sources_1/new/RAM256x16.vhd" into library xil_defaultlib
INFO: [VRFC 10-307] analyzing entity Ram256X16
INFO: [VRFC 10-163] Analyzing VHDL file "/zhome/d1/3/146501/DSproject/project_F/project_F.srcs/sources_1/new/D_FF_AsyR_En.vhd" into library xil_defaultlib
INFO: [VRFC 10-307] analyzing entity D_FF_AsyR_En
INFO: [VRFC 10-163] Analyzing VHDL file "/zhome/d1/3/146501/DSproject/project_F/project_F.srcs/sources_1/new/D_FF_AsyR_En.vhd" into library xil_defaultlib
INFO: [VRFC 10-307] analyzing entity D_FF_AsyR_En
INFO: [VRFC 10-163] Analyzing VHDL file "/zhome/d1/3/146501/DSproject/project_F/project_F.srcs/sources_1/new/TopModule.vhd" into library xil_defaultlib
INFO: [VRFC 10-307] analyzing entity TopModule
INFO: [VRFC 10-163] Analyzing VHDL file "/zhome/d1/3/146501/DSproject/project_F/project_F.srcs/sources_1/new/TopModule.vhd" into library xil_defaultlib
INFO: [VRFC 10-307] analyzing entity TopModule
INFO: [VRFC 10-163] Analyzing VHDL file "/zhome/d1/3/146501/DSproject/project_F/project_F.srcs/sources_1/new/TopModule.vhd" into library xil_defaultlib
INFO: [VRFC 10-307] analyzing entity TopModule
INFO: [VRFC 10-163] Analyzing VHDL file "/zhome/d1/3/146501/DSproject/project_F/project_F.srcs/sources_1/new/TopModule.vhd" into library xil_defaultlib
INFO: [VRFC 10-307] analyzing entity TopModule
INFO: [VRFC 10-163] Analyzing VHDL file "/zhome/d1/3/146501/DSproject/project_F/project_F.srcs/sim_1/new/TopModule_tb.vhd" into library xil_defaultlib
INFO: [VRFC 10-307] analyzing entity TopModule_tb
INFO: [VRFC 10-163] Analyzing VHDL file "/zhome/d1/3/146501/DSproject/project_F/project_F.srcs/sources_1/new/RAM256x16.vhd" into library xil_defaultlib
INFO: [VRFC 10-307] analyzing entity Ram256X16
INFO: [VRFC 10-163] Analyzing VHDL file "/zhome/d1/3/146501/DSproject/project_F/project_F.srcs/sources_1/new/RAM256x16.vhd" into library xil_defaultlib
INFO: [VRFC 10-307] analyzing entity Ram256X16
INFO: [VRFC 10-163] Analyzing VHDL file "/zhome/d1/3/146501/DSproject/project_F/project_F.srcs/sources_1/new/RAM256x16.vhd" into library xil_defaultlib
INFO: [VRFC 10-307] analyzing entity Ram256X16
INFO: [VRFC 10-163] Analyzing VHDL file "/zhome/d1/3/146501/DSproject/project_F/project_F.srcs/sources_1/new/RAM256x16.vhd" into library xil_defaultlib
INFO: [VRFC 10-307] analyzing entity Ram256X16
INFO: [VRFC 10-163] Analyzing VHDL file "/zhome/d1/3/146501/DSproject/project_F/project_F.srcs/sources_1/new/RAM256x16.vhd" into library xil_defaultlib
INFO: [VRFC 10-307] analyzing entity Ram256X16
INFO: [VRFC 10-163] Analyzing VHDL file "/zhome/d1/3/146501/DSproject/project_F/project_F.srcs/sim_1/new/PortReg8x8_tb.vhd" into library xil_defaultlib
INFO: [VRFC 10-307] analyzing entity PortReg8x8_tb
INFO: [VRFC 10-163] Analyzing VHDL file "/zhome/d1/3/146501/DSproject/project_F/project_F.srcs/sim_1/new/PortReg8x8_tb.vhd" into library xil_defaultlib
INFO: [VRFC 10-307] analyzing entity PortReg8x8_tb
INFO: [VRFC 10-163] Analyzing VHDL file "/zhome/d1/3/146501/DSproject/project_F/project_F.srcs/sim_1/new/PortReg8x8_tb.vhd" into library xil_defaultlib
INFO: [VRFC 10-307] analyzing entity PortReg8x8_tb
INFO: [VRFC 10-163] Analyzing VHDL file "/zhome/d1/3/146501/DSproject/project_F/project_F.srcs/sim_1/new/PortReg8x8_tb.vhd" into library xil_defaultlib
INFO: [VRFC 10-307] analyzing entity PortReg8x8_tb
INFO: [VRFC 10-163] Analyzing VHDL file "/zhome/d1/3/146501/DSproject/project_F/project_F.srcs/sim_1/new/PortReg8x8_tb.vhd" into library xil_defaultlib
INFO: [VRFC 10-307] analyzing entity PortReg8x8_tb
INFO: [VRFC 10-163] Analyzing VHDL file "/zhome/d1/3/146501/DSproject/project_F/project_F.srcs/sim_1/new/PortReg8x8_tb.vhd" into library xil_defaultlib
INFO: [VRFC 10-307] analyzing entity PortReg8x8_tb
INFO: [VRFC 10-163] Analyzing VHDL file "/zhome/d1/3/146501/DSproject/project_F/project_F.srcs/sources_1/new/PortReg8x8.vhd" into library xil_defaultlib
INFO: [VRFC 10-307] analyzing entity PortReg8x8
INFO: [VRFC 10-163] Analyzing VHDL file "/zhome/d1/3/146501/DSproject/project_F/project_F.srcs/sources_1/new/PortReg8x8.vhd" into library xil_defaultlib
INFO: [VRFC 10-307] analyzing entity PortReg8x8
INFO: [VRFC 10-163] Analyzing VHDL file "/zhome/d1/3/146501/DSproject/project_F/project_F.srcs/sim_1/new/PortReg8x8_tb.vhd" into library xil_defaultlib
INFO: [VRFC 10-307] analyzing entity PortReg8x8_tb
INFO: [VRFC 10-163] Analyzing VHDL file "/zhome/d1/3/146501/DSproject/project_F/project_F.srcs/sources_1/new/PortReg8x8.vhd" into library xil_defaultlib
INFO: [VRFC 10-307] analyzing entity PortReg8x8
INFO: [VRFC 10-163] Analyzing VHDL file "/zhome/d1/3/146501/DSproject/project_F/project_F.srcs/sim_1/new/PortReg8x8_tb.vhd" into library xil_defaultlib
INFO: [VRFC 10-307] analyzing entity PortReg8x8_tb
INFO: [VRFC 10-163] Analyzing VHDL file "/zhome/d1/3/146501/DSproject/project_F/project_F.srcs/sources_1/new/PortReg8x8.vhd" into library xil_defaultlib
INFO: [VRFC 10-307] analyzing entity PortReg8x8
INFO: [VRFC 10-163] Analyzing VHDL file "/zhome/d1/3/146501/DSproject/project_F/project_F.srcs/sim_1/new/zerofiller2_tb.vhd" into library xil_defaultlib
INFO: [VRFC 10-307] analyzing entity ZeroFiller2_tb
INFO: [VRFC 10-163] Analyzing VHDL file "/zhome/d1/3/146501/DSproject/project_F/project_F.srcs/sim_1/new/zerofiller2_tb.vhd" into library xil_defaultlib
INFO: [VRFC 10-307] analyzing entity ZeroFiller2_tb
INFO: [VRFC 10-163] Analyzing VHDL file "/zhome/d1/3/146501/DSproject/project_F/project_F.srcs/sources_1/new/PortReg8x8.vhd" into library xil_defaultlib
INFO: [VRFC 10-307] analyzing entity PortReg8x8
