Command line:
   Finally4_isim_beh.exe
     -simmode  gui
     -simrunnum  0
     -socket  50733

Wed Aug 12 13:07:28 2020


 Elaboration Time: 0.03125 sec

 Current Memory Usage: 5153.86 Meg

 Total Signals          : 40
 Total Nets             : 100
 Total Signal Drivers   : 29
 Total Blocks           : 5
 Total Primitive Blocks : 4
 Total Processes        : 17
 Total Traceable Variables  : 11
 Total Scalar Nets and Variables : 479
Total Line Count : 136

 Total Simulation Time: 0.4375 sec

 Current Memory Usage: 5468.43 Meg

Wed Aug 12 13:08:08 2020

